<?xml version="1.0" encoding="UTF-8"?>
<!-- Generated by org.testng.reporters.JUnitReportReporter -->
<testsuite hostname="DESKTOP-GVKU7GV" failures="0" tests="2" name="pac2.orgTest" time="0.007" errors="0" timestamp="2025-03-13T16:30:39 IST" skipped="0">
  <testcase classname="pac2.orgTest" name="createOrgtest" time="0.006"/>
  <system-out/>
  <testcase classname="pac2.orgTest" name="modifyOrgtest" time="0.001"/>
  <system-out/>
</testsuite> <!-- pac2.orgTest -->
