<?xml version="1.0" encoding="UTF-8"?>
<!-- Generated by org.testng.reporters.JUnitReportReporter -->
<testsuite hostname="DESKTOP-GVKU7GV" failures="0" tests="2" name="pac1.ContactTest" time="0.009" errors="0" timestamp="2025-03-13T16:30:39 IST" skipped="0">
  <testcase classname="pac1.ContactTest" name="createContacttest" time="0.008"/>
  <system-out/>
  <testcase classname="pac1.ContactTest" name="modifyContacttest" time="0.001"/>
  <system-out/>
</testsuite> <!-- pac1.ContactTest -->
