<?xml version="1.0" encoding="UTF-8"?>
<!-- Generated by org.testng.reporters.JUnitReportReporter -->
<testsuite hostname="DESKTOP-GVKU7GV" failures="0" tests="2" name="pac2.orgTest" time="0.020" errors="0" timestamp="2025-03-14T10:18:18 IST" skipped="0">
  <testcase classname="pac2.orgTest" name="modifyOrgtest" time="0.004"/>
  <system-out/>
  <testcase classname="pac2.orgTest" name="createOrgtest" time="0.016"/>
  <system-out/>
</testsuite> <!-- pac2.orgTest -->
